<?xml version="1.0" encoding="UTF-8"?>
<testsuite xmlns:xsi="http://www.w3.org/2001/XMLSchema-instance" xsi:noNamespaceSchemaLocation="https://maven.apache.org/surefire/maven-surefire-plugin/xsd/surefire-test-report-3.0.xsd" version="3.0" name="com.example.payment.TransactionControllerTest" time="6.053" tests="5" errors="0" skipped="0" failures="0">
  <properties>
    <property name="java.specification.version" value="21"/>
    <property name="sun.cpu.isalist" value="amd64"/>
    <property name="sun.jnu.encoding" value="GBK"/>
    <property name="java.class.path" value="F:\小程序\payment-service\target\test-classes;F:\小程序\payment-service\target\classes;F:\MAVENBAG\org\springframework\boot\spring-boot-starter-web\3.3.4\spring-boot-starter-web-3.3.4.jar;F:\MAVENBAG\org\springframework\boot\spring-boot-starter\3.3.4\spring-boot-starter-3.3.4.jar;F:\MAVENBAG\org\springframework\boot\spring-boot\3.3.4\spring-boot-3.3.4.jar;F:\MAVENBAG\org\springframework\boot\spring-boot-autoconfigure\3.3.4\spring-boot-autoconfigure-3.3.4.jar;F:\MAVENBAG\org\springframework\boot\spring-boot-starter-logging\3.3.4\spring-boot-starter-logging-3.3.4.jar;F:\MAVENBAG\ch\qos\logback\logback-classic\1.5.8\logback-classic-1.5.8.jar;F:\MAVENBAG\ch\qos\logback\logback-core\1.5.8\logback-core-1.5.8.jar;F:\MAVENBAG\org\apache\logging\log4j\log4j-to-slf4j\2.23.1\log4j-to-slf4j-2.23.1.jar;F:\MAVENBAG\org\apache\logging\log4j\log4j-api\2.23.1\log4j-api-2.23.1.jar;F:\MAVENBAG\org\slf4j\jul-to-slf4j\2.0.16\jul-to-slf4j-2.0.16.jar;F:\MAVENBAG\jakarta\annotation\jakarta.annotation-api\2.1.1\jakarta.annotation-api-2.1.1.jar;F:\MAVENBAG\org\yaml\snakeyaml\2.2\snakeyaml-2.2.jar;F:\MAVENBAG\org\springframework\boot\spring-boot-starter-json\3.3.4\spring-boot-starter-json-3.3.4.jar;F:\MAVENBAG\com\fasterxml\jackson\datatype\jackson-datatype-jdk8\2.17.2\jackson-datatype-jdk8-2.17.2.jar;F:\MAVENBAG\com\fasterxml\jackson\module\jackson-module-parameter-names\2.17.2\jackson-module-parameter-names-2.17.2.jar;F:\MAVENBAG\org\springframework\boot\spring-boot-starter-tomcat\3.3.4\spring-boot-starter-tomcat-3.3.4.jar;F:\MAVENBAG\org\apache\tomcat\embed\tomcat-embed-core\10.1.30\tomcat-embed-core-10.1.30.jar;F:\MAVENBAG\org\apache\tomcat\embed\tomcat-embed-el\10.1.30\tomcat-embed-el-10.1.30.jar;F:\MAVENBAG\org\apache\tomcat\embed\tomcat-embed-websocket\10.1.30\tomcat-embed-websocket-10.1.30.jar;F:\MAVENBAG\org\springframework\spring-web\6.1.13\spring-web-6.1.13.jar;F:\MAVENBAG\org\springframework\spring-beans\6.1.13\spring-beans-6.1.13.jar;F:\MAVENBAG\io\micrometer\micrometer-observation\1.13.4\micrometer-observation-1.13.4.jar;F:\MAVENBAG\io\micrometer\micrometer-commons\1.13.4\micrometer-commons-1.13.4.jar;F:\MAVENBAG\org\springframework\spring-webmvc\6.1.13\spring-webmvc-6.1.13.jar;F:\MAVENBAG\org\springframework\spring-aop\6.1.13\spring-aop-6.1.13.jar;F:\MAVENBAG\org\springframework\spring-context\6.1.13\spring-context-6.1.13.jar;F:\MAVENBAG\org\springframework\spring-expression\6.1.13\spring-expression-6.1.13.jar;F:\MAVENBAG\org\springframework\boot\spring-boot-starter-data-jpa\3.3.4\spring-boot-starter-data-jpa-3.3.4.jar;F:\MAVENBAG\org\springframework\boot\spring-boot-starter-aop\3.3.4\spring-boot-starter-aop-3.3.4.jar;F:\MAVENBAG\org\aspectj\aspectjweaver\1.9.22.1\aspectjweaver-1.9.22.1.jar;F:\MAVENBAG\org\springframework\boot\spring-boot-starter-jdbc\3.3.4\spring-boot-starter-jdbc-3.3.4.jar;F:\MAVENBAG\com\zaxxer\HikariCP\5.1.0\HikariCP-5.1.0.jar;F:\MAVENBAG\org\springframework\spring-jdbc\6.1.13\spring-jdbc-6.1.13.jar;F:\MAVENBAG\org\hibernate\orm\hibernate-core\6.5.3.Final\hibernate-core-6.5.3.Final.jar;F:\MAVENBAG\jakarta\persistence\jakarta.persistence-api\3.1.0\jakarta.persistence-api-3.1.0.jar;F:\MAVENBAG\jakarta\transaction\jakarta.transaction-api\2.0.1\jakarta.transaction-api-2.0.1.jar;F:\MAVENBAG\org\jboss\logging\jboss-logging\3.5.3.Final\jboss-logging-3.5.3.Final.jar;F:\MAVENBAG\org\hibernate\common\hibernate-commons-annotations\6.0.6.Final\hibernate-commons-annotations-6.0.6.Final.jar;F:\MAVENBAG\io\smallrye\jandex\3.1.2\jandex-3.1.2.jar;F:\MAVENBAG\com\fasterxml\classmate\1.7.0\classmate-1.7.0.jar;F:\MAVENBAG\net\bytebuddy\byte-buddy\1.14.19\byte-buddy-1.14.19.jar;F:\MAVENBAG\org\glassfish\jaxb\jaxb-runtime\4.0.5\jaxb-runtime-4.0.5.jar;F:\MAVENBAG\org\glassfish\jaxb\jaxb-core\4.0.5\jaxb-core-4.0.5.jar;F:\MAVENBAG\org\eclipse\angus\angus-activation\2.0.2\angus-activation-2.0.2.jar;F:\MAVENBAG\org\glassfish\jaxb\txw2\4.0.5\txw2-4.0.5.jar;F:\MAVENBAG\com\sun\istack\istack-commons-runtime\4.1.2\istack-commons-runtime-4.1.2.jar;F:\MAVENBAG\jakarta\inject\jakarta.inject-api\2.0.1\jakarta.inject-api-2.0.1.jar;F:\MAVENBAG\org\antlr\antlr4-runtime\4.13.0\antlr4-runtime-4.13.0.jar;F:\MAVENBAG\org\springframework\data\spring-data-jpa\3.3.4\spring-data-jpa-3.3.4.jar;F:\MAVENBAG\org\springframework\data\spring-data-commons\3.3.4\spring-data-commons-3.3.4.jar;F:\MAVENBAG\org\springframework\spring-orm\6.1.13\spring-orm-6.1.13.jar;F:\MAVENBAG\org\springframework\spring-tx\6.1.13\spring-tx-6.1.13.jar;F:\MAVENBAG\org\slf4j\slf4j-api\2.0.16\slf4j-api-2.0.16.jar;F:\MAVENBAG\org\springframework\spring-aspects\6.1.13\spring-aspects-6.1.13.jar;F:\MAVENBAG\com\mysql\mysql-connector-j\8.3.0\mysql-connector-j-8.3.0.jar;F:\MAVENBAG\com\fasterxml\jackson\datatype\jackson-datatype-jsr310\2.17.2\jackson-datatype-jsr310-2.17.2.jar;F:\MAVENBAG\com\fasterxml\jackson\core\jackson-annotations\2.17.2\jackson-annotations-2.17.2.jar;F:\MAVENBAG\com\fasterxml\jackson\core\jackson-core\2.17.2\jackson-core-2.17.2.jar;F:\MAVENBAG\com\fasterxml\jackson\core\jackson-databind\2.17.2\jackson-databind-2.17.2.jar;F:\MAVENBAG\org\springframework\boot\spring-boot-starter-test\3.3.4\spring-boot-starter-test-3.3.4.jar;F:\MAVENBAG\org\springframework\boot\spring-boot-test\3.3.4\spring-boot-test-3.3.4.jar;F:\MAVENBAG\org\springframework\boot\spring-boot-test-autoconfigure\3.3.4\spring-boot-test-autoconfigure-3.3.4.jar;F:\MAVENBAG\com\jayway\jsonpath\json-path\2.9.0\json-path-2.9.0.jar;F:\MAVENBAG\jakarta\xml\bind\jakarta.xml.bind-api\4.0.2\jakarta.xml.bind-api-4.0.2.jar;F:\MAVENBAG\jakarta\activation\jakarta.activation-api\2.1.3\jakarta.activation-api-2.1.3.jar;F:\MAVENBAG\net\minidev\json-smart\2.5.1\json-smart-2.5.1.jar;F:\MAVENBAG\net\minidev\accessors-smart\2.5.1\accessors-smart-2.5.1.jar;F:\MAVENBAG\org\ow2\asm\asm\9.6\asm-9.6.jar;F:\MAVENBAG\org\assertj\assertj-core\3.25.3\assertj-core-3.25.3.jar;F:\MAVENBAG\org\awaitility\awaitility\4.2.2\awaitility-4.2.2.jar;F:\MAVENBAG\org\hamcrest\hamcrest\2.2\hamcrest-2.2.jar;F:\MAVENBAG\org\junit\jupiter\junit-jupiter\5.10.3\junit-jupiter-5.10.3.jar;F:\MAVENBAG\org\junit\jupiter\junit-jupiter-api\5.10.3\junit-jupiter-api-5.10.3.jar;F:\MAVENBAG\org\opentest4j\opentest4j\1.3.0\opentest4j-1.3.0.jar;F:\MAVENBAG\org\junit\platform\junit-platform-commons\1.10.3\junit-platform-commons-1.10.3.jar;F:\MAVENBAG\org\apiguardian\apiguardian-api\1.1.2\apiguardian-api-1.1.2.jar;F:\MAVENBAG\org\junit\jupiter\junit-jupiter-params\5.10.3\junit-jupiter-params-5.10.3.jar;F:\MAVENBAG\org\junit\jupiter\junit-jupiter-engine\5.10.3\junit-jupiter-engine-5.10.3.jar;F:\MAVENBAG\org\junit\platform\junit-platform-engine\1.10.3\junit-platform-engine-1.10.3.jar;F:\MAVENBAG\org\mockito\mockito-core\5.11.0\mockito-core-5.11.0.jar;F:\MAVENBAG\net\bytebuddy\byte-buddy-agent\1.14.19\byte-buddy-agent-1.14.19.jar;F:\MAVENBAG\org\objenesis\objenesis\3.3\objenesis-3.3.jar;F:\MAVENBAG\org\mockito\mockito-junit-jupiter\5.11.0\mockito-junit-jupiter-5.11.0.jar;F:\MAVENBAG\org\skyscreamer\jsonassert\1.5.3\jsonassert-1.5.3.jar;F:\MAVENBAG\com\vaadin\external\google\android-json\0.0.20131108.vaadin1\android-json-0.0.20131108.vaadin1.jar;F:\MAVENBAG\org\springframework\spring-core\6.1.13\spring-core-6.1.13.jar;F:\MAVENBAG\org\springframework\spring-jcl\6.1.13\spring-jcl-6.1.13.jar;F:\MAVENBAG\org\springframework\spring-test\6.1.13\spring-test-6.1.13.jar;F:\MAVENBAG\org\xmlunit\xmlunit-core\2.9.1\xmlunit-core-2.9.1.jar;F:\MAVENBAG\com\h2database\h2\2.2.224\h2-2.2.224.jar;"/>
    <property name="java.vm.vendor" value="Oracle Corporation"/>
    <property name="sun.arch.data.model" value="64"/>
    <property name="user.variant" value=""/>
    <property name="java.vendor.url" value="https://java.oracle.com/"/>
    <property name="user.timezone" value="Asia/Shanghai"/>
    <property name="org.jboss.logging.provider" value="slf4j"/>
    <property name="os.name" value="Windows 11"/>
    <property name="java.vm.specification.version" value="21"/>
    <property name="sun.java.launcher" value="SUN_STANDARD"/>
    <property name="user.country" value="CN"/>
    <property name="sun.boot.library.path" value="C:\Program Files\Java\jdk-21\bin"/>
    <property name="sun.java.command" value="C:\Users\harking\AppData\Local\Temp\surefire1475396809458579430\surefirebooter-20251029201325130_3.jar C:\Users\harking\AppData\Local\Temp\surefire1475396809458579430 2025-10-29T20-13-24_977-jvmRun1 surefire-20251029201325130_1tmp surefire_0-20251029201325130_2tmp"/>
    <property name="jdk.debug" value="release"/>
    <property name="surefire.test.class.path" value="F:\小程序\payment-service\target\test-classes;F:\小程序\payment-service\target\classes;F:\MAVENBAG\org\springframework\boot\spring-boot-starter-web\3.3.4\spring-boot-starter-web-3.3.4.jar;F:\MAVENBAG\org\springframework\boot\spring-boot-starter\3.3.4\spring-boot-starter-3.3.4.jar;F:\MAVENBAG\org\springframework\boot\spring-boot\3.3.4\spring-boot-3.3.4.jar;F:\MAVENBAG\org\springframework\boot\spring-boot-autoconfigure\3.3.4\spring-boot-autoconfigure-3.3.4.jar;F:\MAVENBAG\org\springframework\boot\spring-boot-starter-logging\3.3.4\spring-boot-starter-logging-3.3.4.jar;F:\MAVENBAG\ch\qos\logback\logback-classic\1.5.8\logback-classic-1.5.8.jar;F:\MAVENBAG\ch\qos\logback\logback-core\1.5.8\logback-core-1.5.8.jar;F:\MAVENBAG\org\apache\logging\log4j\log4j-to-slf4j\2.23.1\log4j-to-slf4j-2.23.1.jar;F:\MAVENBAG\org\apache\logging\log4j\log4j-api\2.23.1\log4j-api-2.23.1.jar;F:\MAVENBAG\org\slf4j\jul-to-slf4j\2.0.16\jul-to-slf4j-2.0.16.jar;F:\MAVENBAG\jakarta\annotation\jakarta.annotation-api\2.1.1\jakarta.annotation-api-2.1.1.jar;F:\MAVENBAG\org\yaml\snakeyaml\2.2\snakeyaml-2.2.jar;F:\MAVENBAG\org\springframework\boot\spring-boot-starter-json\3.3.4\spring-boot-starter-json-3.3.4.jar;F:\MAVENBAG\com\fasterxml\jackson\datatype\jackson-datatype-jdk8\2.17.2\jackson-datatype-jdk8-2.17.2.jar;F:\MAVENBAG\com\fasterxml\jackson\module\jackson-module-parameter-names\2.17.2\jackson-module-parameter-names-2.17.2.jar;F:\MAVENBAG\org\springframework\boot\spring-boot-starter-tomcat\3.3.4\spring-boot-starter-tomcat-3.3.4.jar;F:\MAVENBAG\org\apache\tomcat\embed\tomcat-embed-core\10.1.30\tomcat-embed-core-10.1.30.jar;F:\MAVENBAG\org\apache\tomcat\embed\tomcat-embed-el\10.1.30\tomcat-embed-el-10.1.30.jar;F:\MAVENBAG\org\apache\tomcat\embed\tomcat-embed-websocket\10.1.30\tomcat-embed-websocket-10.1.30.jar;F:\MAVENBAG\org\springframework\spring-web\6.1.13\spring-web-6.1.13.jar;F:\MAVENBAG\org\springframework\spring-beans\6.1.13\spring-beans-6.1.13.jar;F:\MAVENBAG\io\micrometer\micrometer-observation\1.13.4\micrometer-observation-1.13.4.jar;F:\MAVENBAG\io\micrometer\micrometer-commons\1.13.4\micrometer-commons-1.13.4.jar;F:\MAVENBAG\org\springframework\spring-webmvc\6.1.13\spring-webmvc-6.1.13.jar;F:\MAVENBAG\org\springframework\spring-aop\6.1.13\spring-aop-6.1.13.jar;F:\MAVENBAG\org\springframework\spring-context\6.1.13\spring-context-6.1.13.jar;F:\MAVENBAG\org\springframework\spring-expression\6.1.13\spring-expression-6.1.13.jar;F:\MAVENBAG\org\springframework\boot\spring-boot-starter-data-jpa\3.3.4\spring-boot-starter-data-jpa-3.3.4.jar;F:\MAVENBAG\org\springframework\boot\spring-boot-starter-aop\3.3.4\spring-boot-starter-aop-3.3.4.jar;F:\MAVENBAG\org\aspectj\aspectjweaver\1.9.22.1\aspectjweaver-1.9.22.1.jar;F:\MAVENBAG\org\springframework\boot\spring-boot-starter-jdbc\3.3.4\spring-boot-starter-jdbc-3.3.4.jar;F:\MAVENBAG\com\zaxxer\HikariCP\5.1.0\HikariCP-5.1.0.jar;F:\MAVENBAG\org\springframework\spring-jdbc\6.1.13\spring-jdbc-6.1.13.jar;F:\MAVENBAG\org\hibernate\orm\hibernate-core\6.5.3.Final\hibernate-core-6.5.3.Final.jar;F:\MAVENBAG\jakarta\persistence\jakarta.persistence-api\3.1.0\jakarta.persistence-api-3.1.0.jar;F:\MAVENBAG\jakarta\transaction\jakarta.transaction-api\2.0.1\jakarta.transaction-api-2.0.1.jar;F:\MAVENBAG\org\jboss\logging\jboss-logging\3.5.3.Final\jboss-logging-3.5.3.Final.jar;F:\MAVENBAG\org\hibernate\common\hibernate-commons-annotations\6.0.6.Final\hibernate-commons-annotations-6.0.6.Final.jar;F:\MAVENBAG\io\smallrye\jandex\3.1.2\jandex-3.1.2.jar;F:\MAVENBAG\com\fasterxml\classmate\1.7.0\classmate-1.7.0.jar;F:\MAVENBAG\net\bytebuddy\byte-buddy\1.14.19\byte-buddy-1.14.19.jar;F:\MAVENBAG\org\glassfish\jaxb\jaxb-runtime\4.0.5\jaxb-runtime-4.0.5.jar;F:\MAVENBAG\org\glassfish\jaxb\jaxb-core\4.0.5\jaxb-core-4.0.5.jar;F:\MAVENBAG\org\eclipse\angus\angus-activation\2.0.2\angus-activation-2.0.2.jar;F:\MAVENBAG\org\glassfish\jaxb\txw2\4.0.5\txw2-4.0.5.jar;F:\MAVENBAG\com\sun\istack\istack-commons-runtime\4.1.2\istack-commons-runtime-4.1.2.jar;F:\MAVENBAG\jakarta\inject\jakarta.inject-api\2.0.1\jakarta.inject-api-2.0.1.jar;F:\MAVENBAG\org\antlr\antlr4-runtime\4.13.0\antlr4-runtime-4.13.0.jar;F:\MAVENBAG\org\springframework\data\spring-data-jpa\3.3.4\spring-data-jpa-3.3.4.jar;F:\MAVENBAG\org\springframework\data\spring-data-commons\3.3.4\spring-data-commons-3.3.4.jar;F:\MAVENBAG\org\springframework\spring-orm\6.1.13\spring-orm-6.1.13.jar;F:\MAVENBAG\org\springframework\spring-tx\6.1.13\spring-tx-6.1.13.jar;F:\MAVENBAG\org\slf4j\slf4j-api\2.0.16\slf4j-api-2.0.16.jar;F:\MAVENBAG\org\springframework\spring-aspects\6.1.13\spring-aspects-6.1.13.jar;F:\MAVENBAG\com\mysql\mysql-connector-j\8.3.0\mysql-connector-j-8.3.0.jar;F:\MAVENBAG\com\fasterxml\jackson\datatype\jackson-datatype-jsr310\2.17.2\jackson-datatype-jsr310-2.17.2.jar;F:\MAVENBAG\com\fasterxml\jackson\core\jackson-annotations\2.17.2\jackson-annotations-2.17.2.jar;F:\MAVENBAG\com\fasterxml\jackson\core\jackson-core\2.17.2\jackson-core-2.17.2.jar;F:\MAVENBAG\com\fasterxml\jackson\core\jackson-databind\2.17.2\jackson-databind-2.17.2.jar;F:\MAVENBAG\org\springframework\boot\spring-boot-starter-test\3.3.4\spring-boot-starter-test-3.3.4.jar;F:\MAVENBAG\org\springframework\boot\spring-boot-test\3.3.4\spring-boot-test-3.3.4.jar;F:\MAVENBAG\org\springframework\boot\spring-boot-test-autoconfigure\3.3.4\spring-boot-test-autoconfigure-3.3.4.jar;F:\MAVENBAG\com\jayway\jsonpath\json-path\2.9.0\json-path-2.9.0.jar;F:\MAVENBAG\jakarta\xml\bind\jakarta.xml.bind-api\4.0.2\jakarta.xml.bind-api-4.0.2.jar;F:\MAVENBAG\jakarta\activation\jakarta.activation-api\2.1.3\jakarta.activation-api-2.1.3.jar;F:\MAVENBAG\net\minidev\json-smart\2.5.1\json-smart-2.5.1.jar;F:\MAVENBAG\net\minidev\accessors-smart\2.5.1\accessors-smart-2.5.1.jar;F:\MAVENBAG\org\ow2\asm\asm\9.6\asm-9.6.jar;F:\MAVENBAG\org\assertj\assertj-core\3.25.3\assertj-core-3.25.3.jar;F:\MAVENBAG\org\awaitility\awaitility\4.2.2\awaitility-4.2.2.jar;F:\MAVENBAG\org\hamcrest\hamcrest\2.2\hamcrest-2.2.jar;F:\MAVENBAG\org\junit\jupiter\junit-jupiter\5.10.3\junit-jupiter-5.10.3.jar;F:\MAVENBAG\org\junit\jupiter\junit-jupiter-api\5.10.3\junit-jupiter-api-5.10.3.jar;F:\MAVENBAG\org\opentest4j\opentest4j\1.3.0\opentest4j-1.3.0.jar;F:\MAVENBAG\org\junit\platform\junit-platform-commons\1.10.3\junit-platform-commons-1.10.3.jar;F:\MAVENBAG\org\apiguardian\apiguardian-api\1.1.2\apiguardian-api-1.1.2.jar;F:\MAVENBAG\org\junit\jupiter\junit-jupiter-params\5.10.3\junit-jupiter-params-5.10.3.jar;F:\MAVENBAG\org\junit\jupiter\junit-jupiter-engine\5.10.3\junit-jupiter-engine-5.10.3.jar;F:\MAVENBAG\org\junit\platform\junit-platform-engine\1.10.3\junit-platform-engine-1.10.3.jar;F:\MAVENBAG\org\mockito\mockito-core\5.11.0\mockito-core-5.11.0.jar;F:\MAVENBAG\net\bytebuddy\byte-buddy-agent\1.14.19\byte-buddy-agent-1.14.19.jar;F:\MAVENBAG\org\objenesis\objenesis\3.3\objenesis-3.3.jar;F:\MAVENBAG\org\mockito\mockito-junit-jupiter\5.11.0\mockito-junit-jupiter-5.11.0.jar;F:\MAVENBAG\org\skyscreamer\jsonassert\1.5.3\jsonassert-1.5.3.jar;F:\MAVENBAG\com\vaadin\external\google\android-json\0.0.20131108.vaadin1\android-json-0.0.20131108.vaadin1.jar;F:\MAVENBAG\org\springframework\spring-core\6.1.13\spring-core-6.1.13.jar;F:\MAVENBAG\org\springframework\spring-jcl\6.1.13\spring-jcl-6.1.13.jar;F:\MAVENBAG\org\springframework\spring-test\6.1.13\spring-test-6.1.13.jar;F:\MAVENBAG\org\xmlunit\xmlunit-core\2.9.1\xmlunit-core-2.9.1.jar;F:\MAVENBAG\com\h2database\h2\2.2.224\h2-2.2.224.jar;"/>
    <property name="sun.cpu.endian" value="little"/>
    <property name="user.home" value="C:\Users\harking"/>
    <property name="user.language" value="zh"/>
    <property name="java.specification.vendor" value="Oracle Corporation"/>
    <property name="java.version.date" value="2025-01-21"/>
    <property name="java.home" value="C:\Program Files\Java\jdk-21"/>
    <property name="file.separator" value="\"/>
    <property name="basedir" value="F:\小程序\payment-service"/>
    <property name="java.vm.compressedOopsMode" value="Zero based"/>
    <property name="line.separator" value="&#10;"/>
    <property name="java.vm.specification.vendor" value="Oracle Corporation"/>
    <property name="java.specification.name" value="Java Platform API Specification"/>
    <property name="FILE_LOG_CHARSET" value="UTF-8"/>
    <property name="java.awt.headless" value="true"/>
    <property name="surefire.real.class.path" value="C:\Users\harking\AppData\Local\Temp\surefire1475396809458579430\surefirebooter-20251029201325130_3.jar"/>
    <property name="user.script" value=""/>
    <property name="sun.management.compiler" value="HotSpot 64-Bit Tiered Compilers"/>
    <property name="java.runtime.version" value="21.0.6+8-LTS-188"/>
    <property name="user.name" value="harking"/>
    <property name="stdout.encoding" value="GBK"/>
    <property name="path.separator" value=";"/>
    <property name="os.version" value="10.0"/>
    <property name="java.runtime.name" value="Java(TM) SE Runtime Environment"/>
    <property name="file.encoding" value="UTF-8"/>
    <property name="java.vm.name" value="Java HotSpot(TM) 64-Bit Server VM"/>
    <property name="localRepository" value="F:\MAVENBAG"/>
    <property name="java.vendor.url.bug" value="https://bugreport.java.com/bugreport/"/>
    <property name="java.io.tmpdir" value="C:\Users\harking\AppData\Local\Temp\"/>
    <property name="com.zaxxer.hikari.pool_number" value="1"/>
    <property name="java.version" value="21.0.6"/>
    <property name="user.dir" value="F:\小程序\payment-service"/>
    <property name="os.arch" value="amd64"/>
    <property name="java.vm.specification.name" value="Java Virtual Machine Specification"/>
    <property name="PID" value="17664"/>
    <property name="sun.os.patch.level" value=""/>
    <property name="CONSOLE_LOG_CHARSET" value="UTF-8"/>
    <property name="native.encoding" value="GBK"/>
    <property name="java.library.path" value="C:\Program Files\Java\jdk-21\bin;C:\WINDOWS\Sun\Java\bin;C:\WINDOWS\system32;C:\WINDOWS;C:\Users\harking\AppData\Local\Temp\.tmp8gEMwp;C:\Users\harking\AppData\Roaming\nvm\v20.19.0\node_modules\@openai\codex\vendor\x86_64-pc-windows-msvc\path;C:\Program Files\Java\jdk-21\bin;C:\Program Files\Java\jdk-21\bin;C:\Program Files\NVIDIA GPU Computing Toolkit\CUDA\v12.2\bin;C:\Program Files\NVIDIA GPU Computing Toolkit\CUDA\v12.2\libnvvp;F:\Oracle\bin;C:\Python312\Scripts\;C:\Python312\;C:\Program Files\PlasticSCM5\server;C:\Program Files\PlasticSCM5\client;F:\vscode\mingw64\bin;C:\WINDOWS\system32;C:\WINDOWS;C:\WINDOWS\System32\Wbem;C:\WINDOWS\System32\WindowsPowerShell\v1.0\;C:\WINDOWS\System32\OpenSSH\;C:\Program Files\dotnet\;C:\Users\姚嘉轩\AppData\Local\Programs\Python\Python311\python.exe;C:;Program Files\NVIDIA Corporation\Nsight Compute 2021.2.2\;C:\Program Files (x86)\NVIDIA Corporation\PhysX\Common;C:\Strawberry\c\bin;C:\Strawberry\perl\site\bin;C:\Strawberry\perl\bin;C:\Program Files\Java\jdk-8\bin;C:\Program Files\Common Files\Oracle\Java\javapath;C:\Program Files (x86)\Common Files\Oracle\Java\javapath;C:\Program Files\MySQL\MySQL Server 8.0\bin\bin;D:\微信web开发者工具\dll;%QUART;S_ROOTDIR%\bin;F:\apache-maven-3.8.8\bin;C:\Program Files\Git\cmd;F:\neo4j-community-5.25.1\bin;C:\ProgramData\chocolatey\bin;C:\Users\harking\AppData\Roaming\nvm;C:\Program Files\nodejs;C:\WINDOWS\system32;C:\WINDOWS;C:\WINDOWS\System32\Wbem;C:\WINDOWS\System32\WindowsPowerShell\v1.0\;C:\WINDOWS\System32\OpenSSH\;F:\ffmpeg-7.0.2-essentials_build\bin;C:\Program Files\NVIDIA Corporation\Nsight Compute 2023.2.1\;C:\Program Files\Docker\Docker\resources\bin;%ZRDDS_HOME%\lib\;C:\Users\harking\.cargo\bin;C:\Program Files\MySQL\MySQL Shell 8.0\bin\;C:\Users\harking\AppData\Local\Programs\Python\Python37\Scripts\;C:\Users\harking\AppData\Local\Programs\Python\Python37\;C:\Users\harking\AppData\Local\Programs\Python\Python311\Scripts\;C:\Users\harking\AppData\Local\Programs\Python\Python311\;C:\Users\harking\AppData\Local\Microsoft\WindowsApps;C:\Users\harking\.dotnet\tools;C:\Program Files\NVIDIA GPU Computing Toolkit\CUDA\v11.4;C:\Program Files\NVIDIA GPU Computing Toolkit\CUDA\v11.4\bin;C:\Program Files\NVIDIA GPU Computing Toolkit\CUDA\v11.4\lib;C:\Program Files\NVIDIA GPU Computing Toolkit\CUDA\v11.4\lib\x64;github.com\PaddlePaddle\PaddleDetection.git;F:\Microsoft VS Code\bin;C:\Program Files\JetBrains\IntelliJ IDEA Community Edition 2023.2.5\bin;%NEO4J_HOME\bin;C:\Program Files\Java\jdk-17\bin;C:\Users\harking\AppData\Roaming\npm;C:\Users\harking\AppData\Roaming\nvm;C:\Program Files\nodejs;C:\Users\harking\AppData\Local\Programs\cursor\resources\app\bin;C:\Users\harking\AppData\Local\Programs\Ollama;G:\Qoder\bin;."/>
    <property name="java.vm.info" value="mixed mode, sharing"/>
    <property name="stderr.encoding" value="GBK"/>
    <property name="java.vendor" value="Oracle Corporation"/>
    <property name="java.vm.version" value="21.0.6+8-LTS-188"/>
    <property name="sun.io.unicode.encoding" value="UnicodeLittle"/>
    <property name="java.class.version" value="65.0"/>
    <property name="LOGGED_APPLICATION_NAME" value="[payment-service] "/>
  </properties>
  <testcase name="shouldListAccounts" classname="com.example.payment.TransactionControllerTest" time="0.794">
    <system-out><![CDATA[20:13:25.982 [main] INFO org.springframework.test.context.support.AnnotationConfigContextLoaderUtils -- Could not detect default configuration classes for test class [com.example.payment.TransactionControllerTest]: TransactionControllerTest does not declare any static, non-private, non-final, nested classes annotated with @Configuration.
20:13:26.093 [main] INFO org.springframework.boot.test.context.SpringBootTestContextBootstrapper -- Found @SpringBootConfiguration com.example.payment.PaymentServiceApplication for test class com.example.payment.TransactionControllerTest

  .   ____          _            __ _ _
 /\\ / ___'_ __ _ _(_)_ __  __ _ \ \ \ \
( ( )\___ | '_ | '_| | '_ \/ _` | \ \ \ \
 \\/  ___)| |_)| | | | | || (_| |  ) ) ) )
  '  |____| .__|_| |_|_| |_\__, | / / / /
 =========|_|==============|___/=/_/_/_/

 :: Spring Boot ::                (v3.3.4)

2025-10-29T20:13:26.534+08:00  INFO 17664 --- [payment-service] [           main] c.e.payment.TransactionControllerTest    : Starting TransactionControllerTest using Java 21.0.6 with PID 17664 (started by harking in F:\小程序\payment-service)
2025-10-29T20:13:26.535+08:00  INFO 17664 --- [payment-service] [           main] c.e.payment.TransactionControllerTest    : The following 1 profile is active: "test"
2025-10-29T20:13:27.303+08:00  INFO 17664 --- [payment-service] [           main] .s.d.r.c.RepositoryConfigurationDelegate : Bootstrapping Spring Data JPA repositories in DEFAULT mode.
2025-10-29T20:13:27.372+08:00  INFO 17664 --- [payment-service] [           main] .s.d.r.c.RepositoryConfigurationDelegate : Finished Spring Data repository scanning in 56 ms. Found 2 JPA repository interfaces.
2025-10-29T20:13:27.806+08:00  INFO 17664 --- [payment-service] [           main] com.zaxxer.hikari.HikariDataSource       : HikariPool-1 - Starting...
2025-10-29T20:13:28.081+08:00  INFO 17664 --- [payment-service] [           main] com.zaxxer.hikari.pool.HikariPool        : HikariPool-1 - Added connection conn0: url=jdbc:h2:mem:payment user=SA
2025-10-29T20:13:28.082+08:00  INFO 17664 --- [payment-service] [           main] com.zaxxer.hikari.HikariDataSource       : HikariPool-1 - Start completed.
2025-10-29T20:13:28.425+08:00  INFO 17664 --- [payment-service] [           main] o.hibernate.jpa.internal.util.LogHelper  : HHH000204: Processing PersistenceUnitInfo [name: default]
2025-10-29T20:13:28.492+08:00  INFO 17664 --- [payment-service] [           main] org.hibernate.Version                    : HHH000412: Hibernate ORM core version 6.5.3.Final
2025-10-29T20:13:28.545+08:00  INFO 17664 --- [payment-service] [           main] o.h.c.internal.RegionFactoryInitiator    : HHH000026: Second-level cache disabled
2025-10-29T20:13:29.028+08:00  INFO 17664 --- [payment-service] [           main] o.s.o.j.p.SpringPersistenceUnitInfo      : No LoadTimeWeaver setup: ignoring JPA class transformer
2025-10-29T20:13:29.077+08:00  WARN 17664 --- [payment-service] [           main] org.hibernate.orm.deprecation            : HHH90000025: H2Dialect does not need to be specified explicitly using 'hibernate.dialect' (remove the property setting and it will be selected by default)
2025-10-29T20:13:29.792+08:00  INFO 17664 --- [payment-service] [           main] o.h.e.t.j.p.i.JtaPlatformInitiator       : HHH000489: No JTA platform available (set 'hibernate.transaction.jta.platform' to enable JTA platform integration)
2025-10-29T20:13:29.795+08:00  INFO 17664 --- [payment-service] [           main] j.LocalContainerEntityManagerFactoryBean : Initialized JPA EntityManagerFactory for persistence unit 'default'
2025-10-29T20:13:30.832+08:00  INFO 17664 --- [payment-service] [           main] o.s.b.t.m.w.SpringBootMockServletContext : Initializing Spring TestDispatcherServlet ''
2025-10-29T20:13:30.832+08:00  INFO 17664 --- [payment-service] [           main] o.s.t.web.servlet.TestDispatcherServlet  : Initializing Servlet ''
2025-10-29T20:13:30.834+08:00  INFO 17664 --- [payment-service] [           main] o.s.t.web.servlet.TestDispatcherServlet  : Completed initialization in 1 ms
2025-10-29T20:13:30.855+08:00  INFO 17664 --- [payment-service] [           main] c.e.payment.TransactionControllerTest    : Started TransactionControllerTest in 4.612 seconds (process running for 5.602)
]]></system-out>
    <system-err><![CDATA[WARNING: A Java agent has been loaded dynamically (F:\MAVENBAG\net\bytebuddy\byte-buddy-agent\1.14.19\byte-buddy-agent-1.14.19.jar)
WARNING: If a serviceability tool is in use, please run with -XX:+EnableDynamicAgentLoading to hide this warning
WARNING: If a serviceability tool is not in use, please run with -Djdk.instrument.traceUsage for more information
WARNING: Dynamic loading of agents will be disallowed by default in a future release
]]></system-err>
  </testcase>
  <testcase name="shouldReturnTransactionWhenIdExists" classname="com.example.payment.TransactionControllerTest" time="0.037"/>
  <testcase name="shouldReturn404WhenTransactionMissing" classname="com.example.payment.TransactionControllerTest" time="0.005"/>
  <testcase name="shouldRejectInvalidTransactionRequest" classname="com.example.payment.TransactionControllerTest" time="0.04"/>
  <testcase name="shouldCreateTransaction" classname="com.example.payment.TransactionControllerTest" time="0.09"/>
</testsuite>